<?xml version="1.0" encoding="UTF-8"?>
<!-- Generated by org.testng.reporters.JUnitReportReporter -->
<testsuite hostname="Yeasin" failures="0" tests="1" name="testCases.TC001_AccountRegistrationTest" time="2.160" errors="0" timestamp="2024-09-14T08:44:26 EDT" skipped="0">
  <testcase classname="testCases.TC001_AccountRegistrationTest" name="verify_account_registraion" time="2.160"/>
</testsuite> <!-- testCases.TC001_AccountRegistrationTest -->
